# JRE version: OpenJDK Runtime Environment (8.0_242-b01) (build 1.8.0_242-release-1644-b01)
# Java VM: OpenJDK 64-Bit Server VM (25.242-b01 mixed mode windows-amd64 compressed oops)
Heap:
 PSYoungGen      total 465920K, used 165065K [0x00000000d5580000, 0x00000000fa700000, 0x0000000100000000)
  eden space 418816K, 31% used [0x00000000d5580000,0x00000000dd6d0448,0x00000000eee80000)
  from space 47104K, 69% used [0x00000000eee80000,0x00000000f0e62108,0x00000000f1c80000)
  to   space 48128K, 0% used [0x00000000f7800000,0x00000000f7800000,0x00000000fa700000)
 ParOldGen       total 389632K, used 61212K [0x0000000080000000, 0x0000000097c80000, 0x00000000d5580000)
  object space 389632K, 15% used [0x0000000080000000,0x0000000083bc70a0,0x0000000097c80000)
 Metaspace       used 111856K, capacity 118894K, committed 118936K, reserved 1153024K
  class space    used 14478K, capacity 15773K, committed 15792K, reserved 1048576K
GC Heap History (10 events):
Event: 533.687 GC heap before
{Heap before GC invocations=21 (full 4):
 PSYoungGen      total 354816K, used 337715K [0x00000000d5580000, 0x00000000ef280000, 0x0000000100000000)
  eden space 307712K, 100% used [0x00000000d5580000,0x00000000e8200000,0x00000000e8200000)
  from space 47104K, 63% used [0x00000000eb100000,0x00000000ece4cee8,0x00000000edf00000)
  to   space 48128K, 0% used [0x00000000e8200000,0x00000000e8200000,0x00000000eb100000)
 ParOldGen       total 389632K, used 61180K [0x0000000080000000, 0x0000000097c80000, 0x00000000d5580000)
  object space 389632K, 15% used [0x0000000080000000,0x0000000083bbf0a0,0x0000000097c80000)
 Metaspace       used 111502K, capacity 118442K, committed 118680K, reserved 1153024K
  class space    used 14460K, capacity 15755K, committed 15792K, reserved 1048576K
Event: 533.704 GC heap after
Heap after GC invocations=21 (full 4):
 PSYoungGen      total 355840K, used 25406K [0x00000000d5580000, 0x00000000f0b00000, 0x0000000100000000)
  eden space 307712K, 0% used [0x00000000d5580000,0x00000000d5580000,0x00000000e8200000)
  from space 48128K, 52% used [0x00000000e8200000,0x00000000e9acfb50,0x00000000eb100000)
  to   space 46592K, 0% used [0x00000000edd80000,0x00000000edd80000,0x00000000f0b00000)
 ParOldGen       total 389632K, used 61188K [0x0000000080000000, 0x0000000097c80000, 0x00000000d5580000)
  object space 389632K, 15% used [0x0000000080000000,0x0000000083bc10a0,0x0000000097c80000)
 Metaspace       used 111502K, capacity 118442K, committed 118680K, reserved 1153024K
  class space    used 14460K, capacity 15755K, committed 15792K, reserved 1048576K
}
Event: 534.509 GC heap before
{Heap before GC invocations=22 (full 4):
 PSYoungGen      total 355840K, used 333118K [0x00000000d5580000, 0x00000000f0b00000, 0x0000000100000000)
  eden space 307712K, 100% used [0x00000000d5580000,0x00000000e8200000,0x00000000e8200000)
  from space 48128K, 52% used [0x00000000e8200000,0x00000000e9acfb50,0x00000000eb100000)
  to   space 46592K, 0% used [0x00000000edd80000,0x00000000edd80000,0x00000000f0b00000)
 ParOldGen       total 389632K, used 61188K [0x0000000080000000, 0x0000000097c80000, 0x00000000d5580000)
  object space 389632K, 15% used [0x0000000080000000,0x0000000083bc10a0,0x0000000097c80000)
 Metaspace       used 111581K, capacity 118514K, committed 118680K, reserved 1153024K
  class space    used 14460K, capacity 15755K, committed 15792K, reserved 1048576K
Event: 534.530 GC heap after
Heap after GC invocations=22 (full 4):
 PSYoungGen      total 403456K, used 22218K [0x00000000d5580000, 0x00000000f0d80000, 0x0000000100000000)
  eden space 356864K, 0% used [0x00000000d5580000,0x00000000d5580000,0x00000000eb200000)
  from space 46592K, 47% used [0x00000000edd80000,0x00000000ef332a80,0x00000000f0b00000)
  to   space 44544K, 0% used [0x00000000eb200000,0x00000000eb200000,0x00000000edd80000)
 ParOldGen       total 389632K, used 61196K [0x0000000080000000, 0x0000000097c80000, 0x00000000d5580000)
  object space 389632K, 15% used [0x0000000080000000,0x0000000083bc30a0,0x0000000097c80000)
 Metaspace       used 111581K, capacity 118514K, committed 118680K, reserved 1153024K
  class space    used 14460K, capacity 15755K, committed 15792K, reserved 1048576K
}
Event: 535.405 GC heap before
{Heap before GC invocations=23 (full 4):
 PSYoungGen      total 403456K, used 379082K [0x00000000d5580000, 0x00000000f0d80000, 0x0000000100000000)
  eden space 356864K, 100% used [0x00000000d5580000,0x00000000eb200000,0x00000000eb200000)
  from space 46592K, 47% used [0x00000000edd80000,0x00000000ef332a80,0x00000000f0b00000)
  to   space 44544K, 0% used [0x00000000eb200000,0x00000000eb200000,0x00000000edd80000)
 ParOldGen       total 389632K, used 61196K [0x0000000080000000, 0x0000000097c80000, 0x00000000d5580000)
  object space 389632K, 15% used [0x0000000080000000,0x0000000083bc30a0,0x0000000097c80000)
 Metaspace       used 111723K, capacity 118730K, committed 118936K, reserved 1153024K
  class space    used 14470K, capacity 15767K, committed 15792K, reserved 1048576K
Event: 535.421 GC heap after
Heap after GC invocations=23 (full 4):
 PSYoungGen      total 401408K, used 30646K [0x00000000d5580000, 0x00000000f4900000, 0x0000000100000000)
  eden space 356864K, 0% used [0x00000000d5580000,0x00000000d5580000,0x00000000eb200000)
  from space 44544K, 68% used [0x00000000eb200000,0x00000000ecfed938,0x00000000edd80000)
  to   space 45568K, 0% used [0x00000000f1c80000,0x00000000f1c80000,0x00000000f4900000)
 ParOldGen       total 389632K, used 61204K [0x0000000080000000, 0x0000000097c80000, 0x00000000d5580000)
  object space 389632K, 15% used [0x0000000080000000,0x0000000083bc50a0,0x0000000097c80000)
 Metaspace       used 111723K, capacity 118730K, committed 118936K, reserved 1153024K
  class space    used 14470K, capacity 15767K, committed 15792K, reserved 1048576K
}
Event: 536.014 GC heap before
{Heap before GC invocations=24 (full 4):
 PSYoungGen      total 401408K, used 387510K [0x00000000d5580000, 0x00000000f4900000, 0x0000000100000000)
  eden space 356864K, 100% used [0x00000000d5580000,0x00000000eb200000,0x00000000eb200000)
  from space 44544K, 68% used [0x00000000eb200000,0x00000000ecfed938,0x00000000edd80000)
  to   space 45568K, 0% used [0x00000000f1c80000,0x00000000f1c80000,0x00000000f4900000)
 ParOldGen       total 389632K, used 61204K [0x0000000080000000, 0x0000000097c80000, 0x00000000d5580000)
  object space 389632K, 15% used [0x0000000080000000,0x0000000083bc50a0,0x0000000097c80000)
 Metaspace       used 111816K, capacity 118812K, committed 118936K, reserved 1153024K
  class space    used 14476K, capacity 15770K, committed 15792K, reserved 1048576K
Event: 536.041 GC heap after
Heap after GC invocations=24 (full 4):
 PSYoungGen      total 464384K, used 33312K [0x00000000d5580000, 0x00000000f5880000, 0x0000000100000000)
  eden space 418816K, 0% used [0x00000000d5580000,0x00000000d5580000,0x00000000eee80000)
  from space 45568K, 73% used [0x00000000f1c80000,0x00000000f3d08328,0x00000000f4900000)
  to   space 47104K, 0% used [0x00000000eee80000,0x00000000eee80000,0x00000000f1c80000)
 ParOldGen       total 389632K, used 61212K [0x0000000080000000, 0x0000000097c80000, 0x00000000d5580000)
  object space 389632K, 15% used [0x0000000080000000,0x0000000083bc70a0,0x0000000097c80000)
 Metaspace       used 111816K, capacity 118812K, committed 118936K, reserved 1153024K
  class space    used 14476K, capacity 15770K, committed 15792K, reserved 1048576K
}
Event: 536.815 GC heap before
{Heap before GC invocations=25 (full 4):
 PSYoungGen      total 464384K, used 452128K [0x00000000d5580000, 0x00000000f5880000, 0x0000000100000000)
  eden space 418816K, 100% used [0x00000000d5580000,0x00000000eee80000,0x00000000eee80000)
  from space 45568K, 73% used [0x00000000f1c80000,0x00000000f3d08328,0x00000000f4900000)
  to   space 47104K, 0% used [0x00000000eee80000,0x00000000eee80000,0x00000000f1c80000)
 ParOldGen       total 389632K, used 61212K [0x0000000080000000, 0x0000000097c80000, 0x00000000d5580000)
  object space 389632K, 15% used [0x0000000080000000,0x0000000083bc70a0,0x0000000097c80000)
 Metaspace       used 111846K, capacity 118882K, committed 118936K, reserved 1153024K
  class space    used 14477K, capacity 15771K, committed 15792K, reserved 1048576K
Event: 536.839 GC heap after
Heap after GC invocations=25 (full 4):
 PSYoungGen      total 465920K, used 32648K [0x00000000d5580000, 0x00000000fa700000, 0x0000000100000000)
  eden space 418816K, 0% used [0x00000000d5580000,0x00000000d5580000,0x00000000eee80000)
  from space 47104K, 69% used [0x00000000eee80000,0x00000000f0e62108,0x00000000f1c80000)
  to   space 48128K, 0% used [0x00000000f7800000,0x00000000f7800000,0x00000000fa700000)
 ParOldGen       total 389632K, used 61212K [0x0000000080000000, 0x0000000097c80000, 0x00000000d5580000)
  object space 389632K, 15% used [0x0000000080000000,0x0000000083bc70a0,0x0000000097c80000)
 Metaspace       used 111846K, capacity 118882K, committed 118936K, reserved 1153024K
  class space    used 14477K, capacity 15771K, committed 15792K, reserved 1048576K
}

